<?xml version="1.0" encoding="UTF-8"?>
<testsuite name="org.datastructure.tree.TreeTest" tests="6" skipped="0" failures="0" errors="0" timestamp="2023-02-13T04:38:34" hostname="jihoonui-MacBookAir.local" time="0.008">
  <properties/>
  <testcase name="preorder()" classname="org.datastructure.tree.TreeTest" time="0.002"/>
  <testcase name="max()" classname="org.datastructure.tree.TreeTest" time="0.001"/>
  <testcase name="min()" classname="org.datastructure.tree.TreeTest" time="0.0"/>
  <testcase name="basic()" classname="org.datastructure.tree.TreeTest" time="0.001"/>
  <testcase name="inorder()" classname="org.datastructure.tree.TreeTest" time="0.001"/>
  <testcase name="postorder()" classname="org.datastructure.tree.TreeTest" time="0.001"/>
  <system-out><![CDATA[]]></system-out>
  <system-err><![CDATA[]]></system-err>
</testsuite>
